<?xml version="1.0" encoding="UTF-8"?>
<!-- Generated by org.testng.reporters.JUnitReportReporter -->
<testsuite skipped="0" hostname="NMKRTYCHYAN-NB" name="lesson2.SimpleTestParallel" tests="3" failures="0" timestamp="26 янв 2019 19:38:01 GMT" time="19.123" errors="0">
  <testcase name="SimpleTest3" time="4.672" classname="lesson2.SimpleTestParallel"/>
  <testcase name="SimpleTest2" time="7.119" classname="lesson2.SimpleTestParallel"/>
  <testcase name="SimpleTest1" time="7.332" classname="lesson2.SimpleTestParallel"/>
</testsuite> <!-- lesson2.SimpleTestParallel -->
